<?xml version="1.0" encoding="UTF-8"?>
<testng-results skipped="0" failed="0" ignored="0" total="3" passed="3">
  <reporter-output>
  </reporter-output>
  <suite name="Default suite" duration-ms="4159" started-at="2022-10-18T23:58:55 IST" finished-at="2022-10-18T23:58:59 IST">
    <groups>
    </groups>
    <test name="Default test" duration-ms="4159" started-at="2022-10-18T23:58:55 IST" finished-at="2022-10-18T23:58:59 IST">
      <class name="files.DynamicJson">
        <test-method status="PASS" signature="addBook(java.lang.String,java.lang.String)[pri:0, instance:files.DynamicJson@4d95d2a2]" name="addBook" duration-ms="3396" started-at="2022-10-18T23:58:55 IST" data-provider="BooksData" finished-at="2022-10-18T23:58:58 IST">
          <params>
            <param index="0">
              <value>
                <![CDATA[odhdte]]>
              </value>
            </param>
            <param index="1">
              <value>
                <![CDATA[648]]>
              </value>
            </param>
          </params>
          <reporter-output>
          </reporter-output>
        </test-method> <!-- addBook -->
        <test-method status="PASS" signature="addBook(java.lang.String,java.lang.String)[pri:0, instance:files.DynamicJson@4d95d2a2]" name="addBook" duration-ms="362" started-at="2022-10-18T23:58:58 IST" data-provider="BooksData" finished-at="2022-10-18T23:58:59 IST">
          <params>
            <param index="0">
              <value>
                <![CDATA[ouydte]]>
              </value>
            </param>
            <param index="1">
              <value>
                <![CDATA[638]]>
              </value>
            </param>
          </params>
          <reporter-output>
          </reporter-output>
        </test-method> <!-- addBook -->
        <test-method status="PASS" signature="addBook(java.lang.String,java.lang.String)[pri:0, instance:files.DynamicJson@4d95d2a2]" name="addBook" duration-ms="338" started-at="2022-10-18T23:58:59 IST" data-provider="BooksData" finished-at="2022-10-18T23:58:59 IST">
          <params>
            <param index="0">
              <value>
                <![CDATA[odpute]]>
              </value>
            </param>
            <param index="1">
              <value>
                <![CDATA[640]]>
              </value>
            </param>
          </params>
          <reporter-output>
          </reporter-output>
        </test-method> <!-- addBook -->
      </class> <!-- files.DynamicJson -->
    </test> <!-- Default test -->
  </suite> <!-- Default suite -->
</testng-results>
